#
# A fatal error has been detected by the Java Runtime Environment:
#
#  SIGSEGV (0xb) at pc=0x0000000107f3a962, pid=53716, tid=43011
#
# JRE version: Java(TM) SE Runtime Environment (14.0.2+12) (build 14.0.2+12-46)
# Java VM: Java HotSpot(TM) 64-Bit Server VM (14.0.2+12-46, mixed mode, sharing, tiered, compressed oops, g1 gc, bsd-amd64)
# Problematic frame:
# C  [libjimage.dylib+0x1962]  _ZN12ImageStrings4findEP6EndianPKcPij+0x56
#
# No core dump will be written. Core dumps have been disabled. To enable core dumping, try "ulimit -c unlimited" before starting Java again
#
# If you would like to submit a bug report, please visit:
#   https://bugreport.java.com/bugreport/crash.jsp
#

---------------  S U M M A R Y ------------

Command Line: -agentlib:jdwp=transport=dt_socket,suspend=y,address=localhost:61223 -javaagent:/Users/ado/eclipse/jee-2020-06/Eclipse.app/Contents/Eclipse/configuration/org.eclipse.osgi/404/0/.cp/lib/javaagent-shaded.jar -Dfile.encoding=UTF-8 --module-path=/Users/ado/eclipse-workspace/PointOfSales/bin -Djdk.module.main=PointOfSales PointOfSales/POSUI.POSStart

Host: MacBookPro16,2 x86_64 2300 MHz, 8 cores, 16G, Darwin 19.6.0
Time: Fri Oct 23 00:29:50 2020 CDT elapsed time: 195423 seconds (2d 6h 17m 3s)

---------------  T H R E A D  ---------------

Current thread (0x00007fe062016800):  JavaThread "Signal Dispatcher" daemon [_thread_in_vm, id=43011, stack(0x0000700004df0000,0x0000700004ef0000)]

Stack: [0x0000700004df0000,0x0000700004ef0000],  sp=0x0000700004eee320,  free space=1016k
Native frames: (J=compiled Java code, A=aot compiled Java code, j=interpreted, Vv=VM code, C=native code)
C  [libjimage.dylib+0x1962]  _ZN12ImageStrings4findEP6EndianPKcPij+0x56
C  [libjimage.dylib+0x25c9]  _ZNK15ImageFileReader19find_location_indexEPKcPy+0x3f
